Using pre-set license
Built from '2020.3/staging' branch; Version is '2020.3.8f1 (507919d4fff5) revision 5273881'; Using compiler version '192528614'; Build Type 'Release'
OS: 'Windows 10 Home; OS build 19041.1052; Version 2004; 64bit' Language: 'en' Physical Memory: 8066 MB
BatchMode: 1, IsHumanControllingUs: 0, StartBugReporterOnCrash: 0, Is64bit: 1, IsPro: 0

 COMMAND LINE ARGUMENTS:
C:\Program Files\Unity\Hub\Editor\2020.3.8f1\Editor\Unity.exe
-adb2
-batchMode
-noUpm
-name
AssetImportWorker0
-projectPath
C:/Users/Piumi/Desktop/fox game
-logFile
Logs/AssetImportWorker0.log
-srvPort
55654
Successfully changed project path to: C:/Users/Piumi/Desktop/fox game
C:/Users/Piumi/Desktop/fox game
Using Asset Import Pipeline V2.
Refreshing native plugins compatible for Editor in 50.68 ms, found 1 plugins.
Preloading 0 native plugins for Editor in 0.00 ms.
Initialize engine version: 2020.3.8f1 (507919d4fff5)
[Subsystems] Discovering subsystems at path C:/Program Files/Unity/Hub/Editor/2020.3.8f1/Editor/Data/Resources/UnitySubsystems
[Subsystems] Discovering subsystems at path C:/Users/Piumi/Desktop/fox game/Assets
GfxDevice: creating device client; threaded=0
Direct3D:
    Version:  Direct3D 11.0 [level 11.1]
    Renderer: Intel(R) HD Graphics 620 (ID=0x5916)
    Vendor:   
    VRAM:     4033 MB
    Driver:   26.20.100.6859
Initialize mono
Mono path[0] = 'C:/Program Files/Unity/Hub/Editor/2020.3.8f1/Editor/Data/Managed'
Mono path[1] = 'C:/Program Files/Unity/Hub/Editor/2020.3.8f1/Editor/Data/MonoBleedingEdge/lib/mono/unityjit'
Mono config path = 'C:/Program Files/Unity/Hub/Editor/2020.3.8f1/Editor/Data/MonoBleedingEdge/etc'
Using monoOptions --debugger-agent=transport=dt_socket,embedding=1,server=y,suspend=n,address=127.0.0.1:56372
Begin MonoManager ReloadAssembly
Registering precompiled unity dll's ...
Register platform support module: C:/Program Files/Unity/Hub/Editor/2020.3.8f1/Editor/Data/PlaybackEngines/WebGLSupport/UnityEditor.WebGL.Extensions.dll
Register platform support module: C:/Program Files/Unity/Hub/Editor/2020.3.8f1/Editor/Data/PlaybackEngines/WindowsStandaloneSupport/UnityEditor.WindowsStandalone.Extensions.dll
Registered in 0.002828 seconds.
Native extension for WindowsStandalone target not found
Native extension for WebGL target not found
Refreshing native plugins compatible for Editor in 52.91 ms, found 1 plugins.
Preloading 0 native plugins for Editor in 0.00 ms.
Mono: successfully reloaded assembly
- Completed reload, in  2.180 seconds
Platform modules already initialized, skipping
Registering precompiled user dll's ...
Registered in 0.001163 seconds.
Begin MonoManager ReloadAssembly
Native extension for WindowsStandalone target not found
Native extension for WebGL target not found
Refreshing native plugins compatible for Editor in 47.71 ms, found 1 plugins.
Preloading 0 native plugins for Editor in 0.00 ms.
Mono: successfully reloaded assembly
- Completed reload, in  1.068 seconds
Platform modules already initialized, skipping
========================================================================
Worker process is ready to serve import requests
Launched and connected shader compiler UnityShaderCompiler.exe after 0.05 seconds
Refreshing native plugins compatible for Editor in 0.43 ms, found 1 plugins.
Preloading 0 native plugins for Editor in 0.00 ms.
Unloading 1824 Unused Serialized files (Serialized files now loaded: 0)
System memory in use before: 85.5 MB.
System memory in use after: 85.5 MB.

Unloading 24 unused Assets to reduce memory usage. Loaded Objects now: 2267.
Total: 2.645300 ms (FindLiveObjects: 0.197400 ms CreateObjectMapping: 0.060900 ms MarkObjects: 2.182900 ms  DeleteObjects: 0.202000 ms)

========================================================================
Received Import Request.
  path: Assets/Scenes/LooseScene.unity
  artifactKey: Guid(1906b5ec0b451d745a4b6486a89c443a) Importer(815301076,1909f56bfc062723c751e8b465ee728b)
Start importing Assets/Scenes/LooseScene.unity using Guid(1906b5ec0b451d745a4b6486a89c443a) Importer(815301076,1909f56bfc062723c751e8b465ee728b)  -> (artifact id: 'a5f8d84e9636204ef7968beac9d651a6') in 0.326712 seconds
  Import took 0.424276 seconds .

========================================================================
Received Prepare
Registering precompiled user dll's ...
Registered in 0.001374 seconds.
Begin MonoManager ReloadAssembly
Native extension for WindowsStandalone target not found
Native extension for WebGL target not found
Refreshing native plugins compatible for Editor in 0.42 ms, found 1 plugins.
Preloading 0 native plugins for Editor in 0.00 ms.
Mono: successfully reloaded assembly
- Completed reload, in  1.249 seconds
Platform modules already initialized, skipping
Refreshing native plugins compatible for Editor in 1.07 ms, found 1 plugins.
Preloading 0 native plugins for Editor in 0.00 ms.
Unloading 1819 Unused Serialized files (Serialized files now loaded: 0)
System memory in use before: 85.5 MB.
System memory in use after: 85.5 MB.

Unloading 12 unused Assets to reduce memory usage. Loaded Objects now: 2271.
Total: 4.823700 ms (FindLiveObjects: 0.445800 ms CreateObjectMapping: 0.215300 ms MarkObjects: 4.009200 ms  DeleteObjects: 0.152000 ms)

========================================================================
Received Prepare
Registering precompiled user dll's ...
Registered in 0.001292 seconds.
Begin MonoManager ReloadAssembly
Native extension for WindowsStandalone target not found
Native extension for WebGL target not found
Refreshing native plugins compatible for Editor in 0.77 ms, found 1 plugins.
Preloading 0 native plugins for Editor in 0.00 ms.
Mono: successfully reloaded assembly
- Completed reload, in  1.335 seconds
Platform modules already initialized, skipping
Refreshing native plugins compatible for Editor in 0.42 ms, found 1 plugins.
Preloading 0 native plugins for Editor in 0.00 ms.
Unloading 1819 Unused Serialized files (Serialized files now loaded: 0)
System memory in use before: 85.5 MB.
System memory in use after: 85.5 MB.

Unloading 12 unused Assets to reduce memory usage. Loaded Objects now: 2275.
Total: 2.134300 ms (FindLiveObjects: 0.198600 ms CreateObjectMapping: 0.076700 ms MarkObjects: 1.742200 ms  DeleteObjects: 0.115700 ms)

========================================================================
Received Prepare
Registering precompiled user dll's ...
Registered in 0.001606 seconds.
Begin MonoManager ReloadAssembly
Native extension for WindowsStandalone target not found
Native extension for WebGL target not found
Refreshing native plugins compatible for Editor in 0.47 ms, found 1 plugins.
Preloading 0 native plugins for Editor in 0.00 ms.
Mono: successfully reloaded assembly
- Completed reload, in  1.114 seconds
Platform modules already initialized, skipping
Refreshing native plugins compatible for Editor in 0.41 ms, found 1 plugins.
Preloading 0 native plugins for Editor in 0.00 ms.
Unloading 1819 Unused Serialized files (Serialized files now loaded: 0)
System memory in use before: 85.5 MB.
System memory in use after: 85.5 MB.

Unloading 12 unused Assets to reduce memory usage. Loaded Objects now: 2279.
Total: 2.341600 ms (FindLiveObjects: 0.195600 ms CreateObjectMapping: 0.056200 ms MarkObjects: 1.973800 ms  DeleteObjects: 0.115000 ms)

========================================================================
Received Prepare
Registering precompiled user dll's ...
Registered in 0.001152 seconds.
Begin MonoManager ReloadAssembly
Native extension for WindowsStandalone target not found
Native extension for WebGL target not found
Refreshing native plugins compatible for Editor in 0.67 ms, found 1 plugins.
Preloading 0 native plugins for Editor in 0.00 ms.
Mono: successfully reloaded assembly
- Completed reload, in  1.316 seconds
Platform modules already initialized, skipping
Refreshing native plugins compatible for Editor in 0.42 ms, found 1 plugins.
Preloading 0 native plugins for Editor in 0.00 ms.
Unloading 1819 Unused Serialized files (Serialized files now loaded: 0)
System memory in use before: 85.6 MB.
System memory in use after: 85.5 MB.

Unloading 12 unused Assets to reduce memory usage. Loaded Objects now: 2283.
Total: 3.504300 ms (FindLiveObjects: 0.189000 ms CreateObjectMapping: 0.079900 ms MarkObjects: 3.077300 ms  DeleteObjects: 0.157000 ms)

========================================================================
Received Prepare
Registering precompiled user dll's ...
Registered in 0.001506 seconds.
Begin MonoManager ReloadAssembly
Native extension for WindowsStandalone target not found
Native extension for WebGL target not found
Refreshing native plugins compatible for Editor in 0.45 ms, found 1 plugins.
Preloading 0 native plugins for Editor in 0.00 ms.
Mono: successfully reloaded assembly
- Completed reload, in  1.322 seconds
Platform modules already initialized, skipping
Refreshing native plugins compatible for Editor in 0.51 ms, found 1 plugins.
Preloading 0 native plugins for Editor in 0.00 ms.
Unloading 1819 Unused Serialized files (Serialized files now loaded: 0)
System memory in use before: 85.6 MB.
System memory in use after: 85.6 MB.

Unloading 12 unused Assets to reduce memory usage. Loaded Objects now: 2287.
Total: 2.320200 ms (FindLiveObjects: 0.188700 ms CreateObjectMapping: 0.055000 ms MarkObjects: 1.951100 ms  DeleteObjects: 0.124500 ms)

========================================================================
Received Import Request.
  Time since last request: 2328.586403 seconds.
  path: ProjectSettings/TagManager.asset
  artifactKey: Guid(00000000000000003000000000000000) Importer(815301076,1909f56bfc062723c751e8b465ee728b)
Start importing ProjectSettings/TagManager.asset using Guid(00000000000000003000000000000000) Importer(815301076,1909f56bfc062723c751e8b465ee728b)  -> (artifact id: '683fb892e254342599c5825b78116164') in 0.206771 seconds
  Import took 0.240074 seconds .

========================================================================
Received Import Request.
  Time since last request: 474.533738 seconds.
  path: Assets/Scripts/MovingPlatform.cs
  artifactKey: Guid(ce1356c182970744d92d85d3195d53f9) Importer(815301076,1909f56bfc062723c751e8b465ee728b)
Start importing Assets/Scripts/MovingPlatform.cs using Guid(ce1356c182970744d92d85d3195d53f9) Importer(815301076,1909f56bfc062723c751e8b465ee728b)  -> (artifact id: 'd736cd2d2b3ec059a72adecea835b49c') in 0.409274 seconds
  Import took 0.506074 seconds .

========================================================================
Received Prepare
Registering precompiled user dll's ...
Registered in 0.001439 seconds.
Begin MonoManager ReloadAssembly
Native extension for WindowsStandalone target not found
Native extension for WebGL target not found
Refreshing native plugins compatible for Editor in 0.46 ms, found 1 plugins.
Preloading 0 native plugins for Editor in 0.00 ms.
Mono: successfully reloaded assembly
- Completed reload, in  1.454 seconds
Platform modules already initialized, skipping
Refreshing native plugins compatible for Editor in 0.40 ms, found 1 plugins.
Preloading 0 native plugins for Editor in 0.00 ms.
Unloading 1820 Unused Serialized files (Serialized files now loaded: 0)
System memory in use before: 85.6 MB.
System memory in use after: 85.6 MB.

Unloading 13 unused Assets to reduce memory usage. Loaded Objects now: 2292.
Total: 2.684900 ms (FindLiveObjects: 0.177500 ms CreateObjectMapping: 0.065100 ms MarkObjects: 2.319800 ms  DeleteObjects: 0.121100 ms)

========================================================================
Received Prepare
Registering precompiled user dll's ...
Registered in 0.001344 seconds.
Begin MonoManager ReloadAssembly
Native extension for WindowsStandalone target not found
Native extension for WebGL target not found
Refreshing native plugins compatible for Editor in 0.45 ms, found 1 plugins.
Preloading 0 native plugins for Editor in 0.00 ms.
Mono: successfully reloaded assembly
- Completed reload, in  1.067 seconds
Platform modules already initialized, skipping
Refreshing native plugins compatible for Editor in 0.41 ms, found 1 plugins.
Preloading 0 native plugins for Editor in 0.00 ms.
Unloading 1820 Unused Serialized files (Serialized files now loaded: 0)
System memory in use before: 85.6 MB.
System memory in use after: 85.6 MB.

Unloading 12 unused Assets to reduce memory usage. Loaded Objects now: 2296.
Total: 2.461900 ms (FindLiveObjects: 0.198400 ms CreateObjectMapping: 0.072100 ms MarkObjects: 2.078300 ms  DeleteObjects: 0.111700 ms)

========================================================================
Received Import Request.
  Time since last request: 711.013939 seconds.
  path: Assets/Scripts/MovingPlatform.cs
  artifactKey: Guid(ce1356c182970744d92d85d3195d53f9) Importer(815301076,1909f56bfc062723c751e8b465ee728b)
Start importing Assets/Scripts/MovingPlatform.cs using Guid(ce1356c182970744d92d85d3195d53f9) Importer(815301076,1909f56bfc062723c751e8b465ee728b)  -> (artifact id: 'fdb1e86a1771365ec02143afd41d80ed') in 0.009741 seconds
  Import took 0.079038 seconds .

========================================================================
Received Prepare
Registering precompiled user dll's ...
Registered in 0.001261 seconds.
Begin MonoManager ReloadAssembly
Native extension for WindowsStandalone target not found
Native extension for WebGL target not found
Refreshing native plugins compatible for Editor in 0.42 ms, found 1 plugins.
Preloading 0 native plugins for Editor in 0.00 ms.
Mono: successfully reloaded assembly
- Completed reload, in  1.159 seconds
Platform modules already initialized, skipping
Refreshing native plugins compatible for Editor in 0.41 ms, found 1 plugins.
Preloading 0 native plugins for Editor in 0.00 ms.
Unloading 1820 Unused Serialized files (Serialized files now loaded: 0)
System memory in use before: 85.6 MB.
System memory in use after: 85.6 MB.

Unloading 12 unused Assets to reduce memory usage. Loaded Objects now: 2300.
Total: 2.353100 ms (FindLiveObjects: 0.191900 ms CreateObjectMapping: 0.052900 ms MarkObjects: 1.994300 ms  DeleteObjects: 0.113100 ms)

========================================================================
Received Prepare
Registering precompiled user dll's ...
Registered in 0.001175 seconds.
Begin MonoManager ReloadAssembly
Native extension for WindowsStandalone target not found
Native extension for WebGL target not found
Refreshing native plugins compatible for Editor in 0.44 ms, found 1 plugins.
Preloading 0 native plugins for Editor in 0.00 ms.
Mono: successfully reloaded assembly
- Completed reload, in  1.234 seconds
Platform modules already initialized, skipping
Refreshing native plugins compatible for Editor in 0.66 ms, found 1 plugins.
Preloading 0 native plugins for Editor in 0.00 ms.
Unloading 1820 Unused Serialized files (Serialized files now loaded: 0)
System memory in use before: 85.6 MB.
System memory in use after: 85.6 MB.

Unloading 12 unused Assets to reduce memory usage. Loaded Objects now: 2304.
Total: 2.084000 ms (FindLiveObjects: 0.198500 ms CreateObjectMapping: 0.062900 ms MarkObjects: 1.710400 ms  DeleteObjects: 0.111200 ms)

========================================================================
Received Prepare
Registering precompiled user dll's ...
Registered in 0.001295 seconds.
Begin MonoManager ReloadAssembly
Native extension for WindowsStandalone target not found
Native extension for WebGL target not found
Refreshing native plugins compatible for Editor in 0.77 ms, found 1 plugins.
Preloading 0 native plugins for Editor in 0.00 ms.
Mono: successfully reloaded assembly
- Completed reload, in  1.158 seconds
Platform modules already initialized, skipping
Refreshing native plugins compatible for Editor in 0.45 ms, found 1 plugins.
Preloading 0 native plugins for Editor in 0.00 ms.
Unloading 1820 Unused Serialized files (Serialized files now loaded: 0)
System memory in use before: 85.7 MB.
System memory in use after: 85.6 MB.

Unloading 12 unused Assets to reduce memory usage. Loaded Objects now: 2308.
Total: 2.144600 ms (FindLiveObjects: 0.186900 ms CreateObjectMapping: 0.052800 ms MarkObjects: 1.794700 ms  DeleteObjects: 0.109100 ms)

========================================================================
Received Prepare
Registering precompiled user dll's ...
Registered in 0.002143 seconds.
Begin MonoManager ReloadAssembly
Native extension for WindowsStandalone target not found
Native extension for WebGL target not found
Refreshing native plugins compatible for Editor in 0.43 ms, found 1 plugins.
Preloading 0 native plugins for Editor in 0.00 ms.
Mono: successfully reloaded assembly
- Completed reload, in  1.556 seconds
Platform modules already initialized, skipping
Refreshing native plugins compatible for Editor in 0.43 ms, found 1 plugins.
Preloading 0 native plugins for Editor in 0.00 ms.
Unloading 1820 Unused Serialized files (Serialized files now loaded: 0)
System memory in use before: 85.7 MB.
System memory in use after: 85.6 MB.

Unloading 12 unused Assets to reduce memory usage. Loaded Objects now: 2312.
Total: 2.386500 ms (FindLiveObjects: 0.231000 ms CreateObjectMapping: 0.177000 ms MarkObjects: 1.822300 ms  DeleteObjects: 0.112900 ms)

========================================================================
Received Prepare
Registering precompiled user dll's ...
Registered in 0.001216 seconds.
Begin MonoManager ReloadAssembly
Native extension for WindowsStandalone target not found
Native extension for WebGL target not found
Refreshing native plugins compatible for Editor in 0.51 ms, found 1 plugins.
Preloading 0 native plugins for Editor in 0.00 ms.
Mono: successfully reloaded assembly
- Completed reload, in  1.102 seconds
Platform modules already initialized, skipping
Refreshing native plugins compatible for Editor in 0.56 ms, found 1 plugins.
Preloading 0 native plugins for Editor in 0.00 ms.
Unloading 1820 Unused Serialized files (Serialized files now loaded: 0)
System memory in use before: 85.7 MB.
System memory in use after: 85.6 MB.

Unloading 12 unused Assets to reduce memory usage. Loaded Objects now: 2316.
Total: 2.444400 ms (FindLiveObjects: 0.227300 ms CreateObjectMapping: 0.072400 ms MarkObjects: 2.021100 ms  DeleteObjects: 0.122500 ms)

========================================================================
Received Prepare
Registering precompiled user dll's ...
Registered in 0.001355 seconds.
Begin MonoManager ReloadAssembly
Native extension for WindowsStandalone target not found
Native extension for WebGL target not found
Refreshing native plugins compatible for Editor in 0.48 ms, found 1 plugins.
Preloading 0 native plugins for Editor in 0.00 ms.
Mono: successfully reloaded assembly
- Completed reload, in  1.123 seconds
Platform modules already initialized, skipping
Refreshing native plugins compatible for Editor in 0.60 ms, found 1 plugins.
Preloading 0 native plugins for Editor in 0.00 ms.
Unloading 1820 Unused Serialized files (Serialized files now loaded: 0)
System memory in use before: 85.7 MB.
System memory in use after: 85.7 MB.

Unloading 12 unused Assets to reduce memory usage. Loaded Objects now: 2320.
Total: 2.203200 ms (FindLiveObjects: 0.190800 ms CreateObjectMapping: 0.068500 ms MarkObjects: 1.828900 ms  DeleteObjects: 0.114100 ms)

========================================================================
Received Prepare
Registering precompiled user dll's ...
Registered in 0.001192 seconds.
Begin MonoManager ReloadAssembly
Native extension for WindowsStandalone target not found
Native extension for WebGL target not found
Refreshing native plugins compatible for Editor in 0.43 ms, found 1 plugins.
Preloading 0 native plugins for Editor in 0.00 ms.
Mono: successfully reloaded assembly
- Completed reload, in  1.231 seconds
Platform modules already initialized, skipping
Refreshing native plugins compatible for Editor in 0.50 ms, found 1 plugins.
Preloading 0 native plugins for Editor in 0.00 ms.
Unloading 1820 Unused Serialized files (Serialized files now loaded: 0)
System memory in use before: 85.7 MB.
System memory in use after: 85.7 MB.

Unloading 12 unused Assets to reduce memory usage. Loaded Objects now: 2324.
Total: 2.262100 ms (FindLiveObjects: 0.182500 ms CreateObjectMapping: 0.065500 ms MarkObjects: 1.902600 ms  DeleteObjects: 0.110600 ms)

========================================================================
Received Prepare
Registering precompiled user dll's ...
Registered in 0.001210 seconds.
Begin MonoManager ReloadAssembly
Native extension for WindowsStandalone target not found
Native extension for WebGL target not found
Refreshing native plugins compatible for Editor in 0.44 ms, found 1 plugins.
Preloading 0 native plugins for Editor in 0.00 ms.
Mono: successfully reloaded assembly
- Completed reload, in  1.305 seconds
Platform modules already initialized, skipping
Refreshing native plugins compatible for Editor in 0.43 ms, found 1 plugins.
Preloading 0 native plugins for Editor in 0.00 ms.
Unloading 1820 Unused Serialized files (Serialized files now loaded: 0)
System memory in use before: 85.7 MB.
System memory in use after: 85.7 MB.

Unloading 12 unused Assets to reduce memory usage. Loaded Objects now: 2328.
Total: 2.181100 ms (FindLiveObjects: 0.201400 ms CreateObjectMapping: 0.072200 ms MarkObjects: 1.786400 ms  DeleteObjects: 0.119700 ms)

========================================================================
Received Prepare
Registering precompiled user dll's ...
Registered in 0.001314 seconds.
Begin MonoManager ReloadAssembly
Native extension for WindowsStandalone target not found
Native extension for WebGL target not found
Refreshing native plugins compatible for Editor in 0.54 ms, found 1 plugins.
Preloading 0 native plugins for Editor in 0.00 ms.
Mono: successfully reloaded assembly
- Completed reload, in  1.262 seconds
Platform modules already initialized, skipping
Refreshing native plugins compatible for Editor in 0.43 ms, found 1 plugins.
Preloading 0 native plugins for Editor in 0.00 ms.
Unloading 1820 Unused Serialized files (Serialized files now loaded: 0)
System memory in use before: 85.7 MB.
System memory in use after: 85.7 MB.

Unloading 12 unused Assets to reduce memory usage. Loaded Objects now: 2332.
Total: 2.424600 ms (FindLiveObjects: 0.187700 ms CreateObjectMapping: 0.071600 ms MarkObjects: 2.043100 ms  DeleteObjects: 0.121000 ms)

========================================================================
Received Prepare
Registering precompiled user dll's ...
Registered in 0.001215 seconds.
Begin MonoManager ReloadAssembly
Native extension for WindowsStandalone target not found
Native extension for WebGL target not found
Refreshing native plugins compatible for Editor in 0.65 ms, found 1 plugins.
Preloading 0 native plugins for Editor in 0.00 ms.
Mono: successfully reloaded assembly
- Completed reload, in  1.385 seconds
Platform modules already initialized, skipping
Refreshing native plugins compatible for Editor in 0.52 ms, found 1 plugins.
Preloading 0 native plugins for Editor in 0.00 ms.
Unloading 1820 Unused Serialized files (Serialized files now loaded: 0)
System memory in use before: 85.7 MB.
System memory in use after: 85.7 MB.

Unloading 12 unused Assets to reduce memory usage. Loaded Objects now: 2336.
Total: 2.300600 ms (FindLiveObjects: 0.207900 ms CreateObjectMapping: 0.078400 ms MarkObjects: 1.876300 ms  DeleteObjects: 0.136800 ms)

========================================================================
Received Prepare
Registering precompiled user dll's ...
Registered in 0.001168 seconds.
Begin MonoManager ReloadAssembly
Native extension for WindowsStandalone target not found
Native extension for WebGL target not found
Refreshing native plugins compatible for Editor in 0.54 ms, found 1 plugins.
Preloading 0 native plugins for Editor in 0.00 ms.
Mono: successfully reloaded assembly
- Completed reload, in  1.241 seconds
Platform modules already initialized, skipping
Refreshing native plugins compatible for Editor in 0.65 ms, found 1 plugins.
Preloading 0 native plugins for Editor in 0.00 ms.
Unloading 1820 Unused Serialized files (Serialized files now loaded: 0)
System memory in use before: 85.7 MB.
System memory in use after: 85.7 MB.

Unloading 12 unused Assets to reduce memory usage. Loaded Objects now: 2340.
Total: 2.468900 ms (FindLiveObjects: 0.209400 ms CreateObjectMapping: 0.063200 ms MarkObjects: 2.070600 ms  DeleteObjects: 0.124400 ms)

========================================================================
Received Prepare
Registering precompiled user dll's ...
Registered in 0.001191 seconds.
Begin MonoManager ReloadAssembly
Native extension for WindowsStandalone target not found
Native extension for WebGL target not found
Refreshing native plugins compatible for Editor in 0.43 ms, found 1 plugins.
Preloading 0 native plugins for Editor in 0.00 ms.
Mono: successfully reloaded assembly
- Completed reload, in  1.282 seconds
Platform modules already initialized, skipping
Refreshing native plugins compatible for Editor in 0.93 ms, found 1 plugins.
Preloading 0 native plugins for Editor in 0.00 ms.
Unloading 1820 Unused Serialized files (Serialized files now loaded: 0)
System memory in use before: 85.7 MB.
System memory in use after: 85.7 MB.

Unloading 12 unused Assets to reduce memory usage. Loaded Objects now: 2344.
Total: 2.232200 ms (FindLiveObjects: 0.202000 ms CreateObjectMapping: 0.077600 ms MarkObjects: 1.829600 ms  DeleteObjects: 0.121900 ms)

========================================================================
Received Prepare
Registering precompiled user dll's ...
Registered in 0.001233 seconds.
Begin MonoManager ReloadAssembly
Native extension for WindowsStandalone target not found
Native extension for WebGL target not found
Refreshing native plugins compatible for Editor in 0.42 ms, found 1 plugins.
Preloading 0 native plugins for Editor in 0.00 ms.
Mono: successfully reloaded assembly
- Completed reload, in  1.536 seconds
Platform modules already initialized, skipping
Refreshing native plugins compatible for Editor in 0.44 ms, found 1 plugins.
Preloading 0 native plugins for Editor in 0.00 ms.
Unloading 1820 Unused Serialized files (Serialized files now loaded: 0)
System memory in use before: 85.7 MB.
System memory in use after: 85.7 MB.

Unloading 12 unused Assets to reduce memory usage. Loaded Objects now: 2348.
Total: 2.108300 ms (FindLiveObjects: 0.190700 ms CreateObjectMapping: 0.067000 ms MarkObjects: 1.733800 ms  DeleteObjects: 0.115800 ms)

========================================================================
Received Prepare
Registering precompiled user dll's ...
Registered in 0.001265 seconds.
Begin MonoManager ReloadAssembly
Native extension for WindowsStandalone target not found
Native extension for WebGL target not found
Refreshing native plugins compatible for Editor in 0.45 ms, found 1 plugins.
Preloading 0 native plugins for Editor in 0.00 ms.
Mono: successfully reloaded assembly
- Completed reload, in  1.195 seconds
Platform modules already initialized, skipping
Refreshing native plugins compatible for Editor in 0.94 ms, found 1 plugins.
Preloading 0 native plugins for Editor in 0.00 ms.
Unloading 1820 Unused Serialized files (Serialized files now loaded: 0)
System memory in use before: 85.8 MB.
System memory in use after: 85.7 MB.

Unloading 12 unused Assets to reduce memory usage. Loaded Objects now: 2352.
Total: 2.279000 ms (FindLiveObjects: 0.216900 ms CreateObjectMapping: 0.083300 ms MarkObjects: 1.841500 ms  DeleteObjects: 0.136200 ms)

========================================================================
Received Prepare
Registering precompiled user dll's ...
Registered in 0.001610 seconds.
Begin MonoManager ReloadAssembly
Native extension for WindowsStandalone target not found
Native extension for WebGL target not found
Refreshing native plugins compatible for Editor in 0.43 ms, found 1 plugins.
Preloading 0 native plugins for Editor in 0.00 ms.
Mono: successfully reloaded assembly
- Completed reload, in  1.099 seconds
Platform modules already initialized, skipping
Refreshing native plugins compatible for Editor in 0.41 ms, found 1 plugins.
Preloading 0 native plugins for Editor in 0.00 ms.
Unloading 1820 Unused Serialized files (Serialized files now loaded: 0)
System memory in use before: 85.8 MB.
System memory in use after: 85.7 MB.

Unloading 12 unused Assets to reduce memory usage. Loaded Objects now: 2356.
Total: 3.358600 ms (FindLiveObjects: 0.348700 ms CreateObjectMapping: 0.111400 ms MarkObjects: 2.736000 ms  DeleteObjects: 0.161100 ms)

========================================================================
Received Prepare
Registering precompiled user dll's ...
Registered in 0.001216 seconds.
Begin MonoManager ReloadAssembly
Native extension for WindowsStandalone target not found
Native extension for WebGL target not found
Refreshing native plugins compatible for Editor in 0.77 ms, found 1 plugins.
Preloading 0 native plugins for Editor in 0.00 ms.
Mono: successfully reloaded assembly
- Completed reload, in  1.568 seconds
Platform modules already initialized, skipping
Refreshing native plugins compatible for Editor in 0.71 ms, found 1 plugins.
Preloading 0 native plugins for Editor in 0.00 ms.
Unloading 1820 Unused Serialized files (Serialized files now loaded: 0)
System memory in use before: 85.8 MB.
System memory in use after: 85.7 MB.

Unloading 12 unused Assets to reduce memory usage. Loaded Objects now: 2360.
Total: 3.693700 ms (FindLiveObjects: 0.221200 ms CreateObjectMapping: 0.066400 ms MarkObjects: 3.255200 ms  DeleteObjects: 0.148100 ms)

========================================================================
Received Prepare
Registering precompiled user dll's ...
Registered in 0.001233 seconds.
Begin MonoManager ReloadAssembly
Native extension for WindowsStandalone target not found
Native extension for WebGL target not found
Refreshing native plugins compatible for Editor in 0.55 ms, found 1 plugins.
Preloading 0 native plugins for Editor in 0.00 ms.
Mono: successfully reloaded assembly
- Completed reload, in  1.143 seconds
Platform modules already initialized, skipping
Refreshing native plugins compatible for Editor in 0.40 ms, found 1 plugins.
Preloading 0 native plugins for Editor in 0.00 ms.
Unloading 1820 Unused Serialized files (Serialized files now loaded: 0)
System memory in use before: 85.8 MB.
System memory in use after: 85.8 MB.

Unloading 12 unused Assets to reduce memory usage. Loaded Objects now: 2364.
Total: 2.384500 ms (FindLiveObjects: 0.223700 ms CreateObjectMapping: 0.072600 ms MarkObjects: 1.965300 ms  DeleteObjects: 0.121500 ms)

========================================================================
Received Import Request.
  Time since last request: 4034.678371 seconds.
  path: Assets/Scenes/LooseScene.unity
  artifactKey: Guid(1906b5ec0b451d745a4b6486a89c443a) Importer(815301076,1909f56bfc062723c751e8b465ee728b)
Start importing Assets/Scenes/LooseScene.unity using Guid(1906b5ec0b451d745a4b6486a89c443a) Importer(815301076,1909f56bfc062723c751e8b465ee728b)  -> (artifact id: '147d37e85a5d79036e9985ecc764797a') in 0.045020 seconds
  Import took 0.145050 seconds .

========================================================================
Received Prepare
Registering precompiled user dll's ...
Registered in 0.001191 seconds.
Begin MonoManager ReloadAssembly
Native extension for WindowsStandalone target not found
Native extension for WebGL target not found
Refreshing native plugins compatible for Editor in 0.42 ms, found 1 plugins.
Preloading 0 native plugins for Editor in 0.00 ms.
Mono: successfully reloaded assembly
- Completed reload, in  1.076 seconds
Platform modules already initialized, skipping
Refreshing native plugins compatible for Editor in 0.44 ms, found 1 plugins.
Preloading 0 native plugins for Editor in 0.00 ms.
Unloading 1820 Unused Serialized files (Serialized files now loaded: 0)
System memory in use before: 85.8 MB.
System memory in use after: 85.8 MB.

Unloading 12 unused Assets to reduce memory usage. Loaded Objects now: 2368.
Total: 2.548300 ms (FindLiveObjects: 0.199100 ms CreateObjectMapping: 0.103300 ms MarkObjects: 2.121900 ms  DeleteObjects: 0.122600 ms)

========================================================================
Received Import Request.
  Time since last request: 111.122586 seconds.
  path: Assets/Scenes/MainScreen.unity
  artifactKey: Guid(733c00fda1524f3459ffcb18f8b2a870) Importer(815301076,1909f56bfc062723c751e8b465ee728b)
Start importing Assets/Scenes/MainScreen.unity using Guid(733c00fda1524f3459ffcb18f8b2a870) Importer(815301076,1909f56bfc062723c751e8b465ee728b)  -> (artifact id: '8a65b56353cfb34b63b86323ccf13f54') in 0.018957 seconds
  Import took 0.043636 seconds .

========================================================================
Received Import Request.
  Time since last request: 522.955543 seconds.
  path: Assets/Scripts/GameStart.cs
  artifactKey: Guid(29be595e5e7eda84c87c45d1a47097f5) Importer(815301076,1909f56bfc062723c751e8b465ee728b)
Start importing Assets/Scripts/GameStart.cs using Guid(29be595e5e7eda84c87c45d1a47097f5) Importer(815301076,1909f56bfc062723c751e8b465ee728b)  -> (artifact id: '1eaee6b998ea58f1d29866f2db4abcd0') in 0.010094 seconds
  Import took 0.090753 seconds .

========================================================================
Received Prepare
Registering precompiled user dll's ...
Registered in 0.001306 seconds.
Begin MonoManager ReloadAssembly
Native extension for WindowsStandalone target not found
Native extension for WebGL target not found
Refreshing native plugins compatible for Editor in 0.42 ms, found 1 plugins.
Preloading 0 native plugins for Editor in 0.00 ms.
Mono: successfully reloaded assembly
- Completed reload, in  1.244 seconds
Platform modules already initialized, skipping
Refreshing native plugins compatible for Editor in 0.49 ms, found 1 plugins.
Preloading 0 native plugins for Editor in 0.00 ms.
Unloading 1821 Unused Serialized files (Serialized files now loaded: 0)
System memory in use before: 85.8 MB.
System memory in use after: 85.8 MB.

Unloading 12 unused Assets to reduce memory usage. Loaded Objects now: 2373.
Total: 2.135000 ms (FindLiveObjects: 0.162400 ms CreateObjectMapping: 0.053300 ms MarkObjects: 1.807700 ms  DeleteObjects: 0.110100 ms)

========================================================================
Received Import Request.
  Time since last request: 201.990019 seconds.
  path: Assets/Scenes/SampleScene.unity
  artifactKey: Guid(2cda990e2423bbf4892e6590ba056729) Importer(815301076,1909f56bfc062723c751e8b465ee728b)
Start importing Assets/Scenes/SampleScene.unity using Guid(2cda990e2423bbf4892e6590ba056729) Importer(815301076,1909f56bfc062723c751e8b465ee728b)  -> (artifact id: '6a52c71f6d91ca39e28db87a7a2abb00') in 0.884103 seconds
  Import took 0.913303 seconds .

========================================================================
Received Prepare
Registering precompiled user dll's ...
Registered in 0.001700 seconds.
Begin MonoManager ReloadAssembly
Native extension for WindowsStandalone target not found
Native extension for WebGL target not found
Refreshing native plugins compatible for Editor in 0.58 ms, found 1 plugins.
Preloading 0 native plugins for Editor in 0.00 ms.
Mono: successfully reloaded assembly
- Completed reload, in  1.108 seconds
Platform modules already initialized, skipping
Refreshing native plugins compatible for Editor in 0.42 ms, found 1 plugins.
Preloading 0 native plugins for Editor in 0.00 ms.
Unloading 1821 Unused Serialized files (Serialized files now loaded: 0)
System memory in use before: 85.8 MB.
System memory in use after: 85.8 MB.

Unloading 12 unused Assets to reduce memory usage. Loaded Objects now: 2377.
Total: 2.534000 ms (FindLiveObjects: 0.201100 ms CreateObjectMapping: 0.062700 ms MarkObjects: 2.144900 ms  DeleteObjects: 0.124100 ms)

========================================================================
Received Prepare
Registering precompiled user dll's ...
Registered in 0.001200 seconds.
Begin MonoManager ReloadAssembly
Native extension for WindowsStandalone target not found
Native extension for WebGL target not found
Refreshing native plugins compatible for Editor in 0.57 ms, found 1 plugins.
Preloading 0 native plugins for Editor in 0.00 ms.
Mono: successfully reloaded assembly
- Completed reload, in  1.122 seconds
Platform modules already initialized, skipping
Refreshing native plugins compatible for Editor in 0.48 ms, found 1 plugins.
Preloading 0 native plugins for Editor in 0.00 ms.
Unloading 1821 Unused Serialized files (Serialized files now loaded: 0)
System memory in use before: 85.9 MB.
System memory in use after: 85.8 MB.

Unloading 12 unused Assets to reduce memory usage. Loaded Objects now: 2381.
Total: 2.840900 ms (FindLiveObjects: 0.200600 ms CreateObjectMapping: 0.072900 ms MarkObjects: 2.442900 ms  DeleteObjects: 0.123100 ms)

========================================================================
Received Prepare
Registering precompiled user dll's ...
Registered in 0.001374 seconds.
Begin MonoManager ReloadAssembly
Native extension for WindowsStandalone target not found
Native extension for WebGL target not found
Refreshing native plugins compatible for Editor in 0.46 ms, found 1 plugins.
Preloading 0 native plugins for Editor in 0.00 ms.
Mono: successfully reloaded assembly
- Completed reload, in  1.316 seconds
Platform modules already initialized, skipping
Refreshing native plugins compatible for Editor in 0.42 ms, found 1 plugins.
Preloading 0 native plugins for Editor in 0.00 ms.
Unloading 1821 Unused Serialized files (Serialized files now loaded: 0)
System memory in use before: 85.9 MB.
System memory in use after: 85.8 MB.

Unloading 12 unused Assets to reduce memory usage. Loaded Objects now: 2385.
Total: 2.380700 ms (FindLiveObjects: 0.204400 ms CreateObjectMapping: 0.065300 ms MarkObjects: 1.998000 ms  DeleteObjects: 0.111900 ms)

========================================================================
Received Import Request.
  Time since last request: 1205.570239 seconds.
  path: Assets/Scenes/EndScreen.unity
  artifactKey: Guid(f3042e92b11b0d044a8d8ba06176039b) Importer(815301076,1909f56bfc062723c751e8b465ee728b)
Start importing Assets/Scenes/EndScreen.unity using Guid(f3042e92b11b0d044a8d8ba06176039b) Importer(815301076,1909f56bfc062723c751e8b465ee728b)  -> (artifact id: '73c2edf0fe1377ed421d0b5d9461dfd3') in 0.030742 seconds
  Import took 0.064861 seconds .

========================================================================
Received Import Request.
  Time since last request: 372.141040 seconds.
  path: Assets/Scripts/EndGame.cs
  artifactKey: Guid(ac81e7d928367fc48816bdc8cc3b609d) Importer(815301076,1909f56bfc062723c751e8b465ee728b)
Start importing Assets/Scripts/EndGame.cs using Guid(ac81e7d928367fc48816bdc8cc3b609d) Importer(815301076,1909f56bfc062723c751e8b465ee728b)  -> (artifact id: '6143d798dc772f63e1ff46297a05353c') in 0.018055 seconds
  Import took 0.169762 seconds .

========================================================================
Received Prepare
Registering precompiled user dll's ...
Registered in 0.002507 seconds.
Begin MonoManager ReloadAssembly
Native extension for WindowsStandalone target not found
Native extension for WebGL target not found
Refreshing native plugins compatible for Editor in 0.70 ms, found 1 plugins.
Preloading 0 native plugins for Editor in 0.00 ms.
Mono: successfully reloaded assembly
- Completed reload, in  1.702 seconds
Platform modules already initialized, skipping
Refreshing native plugins compatible for Editor in 0.48 ms, found 1 plugins.
Preloading 0 native plugins for Editor in 0.00 ms.
Unloading 1822 Unused Serialized files (Serialized files now loaded: 0)
System memory in use before: 85.9 MB.
System memory in use after: 85.9 MB.

Unloading 12 unused Assets to reduce memory usage. Loaded Objects now: 2390.
Total: 3.002800 ms (FindLiveObjects: 0.192200 ms CreateObjectMapping: 0.067400 ms MarkObjects: 2.609700 ms  DeleteObjects: 0.131600 ms)

========================================================================
Received Prepare
Registering precompiled user dll's ...
Registered in 0.001598 seconds.
Begin MonoManager ReloadAssembly
Native extension for WindowsStandalone target not found
Native extension for WebGL target not found
Refreshing native plugins compatible for Editor in 0.45 ms, found 1 plugins.
Preloading 0 native plugins for Editor in 0.00 ms.
Mono: successfully reloaded assembly
- Completed reload, in  1.178 seconds
Platform modules already initialized, skipping
Refreshing native plugins compatible for Editor in 0.42 ms, found 1 plugins.
Preloading 0 native plugins for Editor in 0.00 ms.
Unloading 1822 Unused Serialized files (Serialized files now loaded: 0)
System memory in use before: 85.9 MB.
System memory in use after: 85.9 MB.

Unloading 12 unused Assets to reduce memory usage. Loaded Objects now: 2394.
Total: 2.224400 ms (FindLiveObjects: 0.232000 ms CreateObjectMapping: 0.102400 ms MarkObjects: 1.779500 ms  DeleteObjects: 0.109300 ms)

========================================================================
Received Import Request.
  Time since last request: 106.142015 seconds.
  path: Assets/Scripts/EndGame.cs
  artifactKey: Guid(ac81e7d928367fc48816bdc8cc3b609d) Importer(815301076,1909f56bfc062723c751e8b465ee728b)
Start importing Assets/Scripts/EndGame.cs using Guid(ac81e7d928367fc48816bdc8cc3b609d) Importer(815301076,1909f56bfc062723c751e8b465ee728b)  -> (artifact id: '97321f55319a82f5325cb605e75d3b92') in 0.009293 seconds
  Import took 0.338983 seconds .

========================================================================
Received Import Request.
  Time since last request: 111.844940 seconds.
  path: Assets/Scenes/EndScreen.unity
  artifactKey: Guid(f3042e92b11b0d044a8d8ba06176039b) Importer(815301076,1909f56bfc062723c751e8b465ee728b)
Start importing Assets/Scenes/EndScreen.unity using Guid(f3042e92b11b0d044a8d8ba06176039b) Importer(815301076,1909f56bfc062723c751e8b465ee728b)  -> (artifact id: '4033237910e92f2a7fb09d339f9a5750') in 0.015673 seconds
  Import took 0.127591 seconds .

========================================================================
Received Prepare
Registering precompiled user dll's ...
Registered in 0.067726 seconds.
Begin MonoManager ReloadAssembly
Native extension for WindowsStandalone target not found
Native extension for WebGL target not found
Refreshing native plugins compatible for Editor in 0.56 ms, found 1 plugins.
Preloading 0 native plugins for Editor in 0.00 ms.
Mono: successfully reloaded assembly
- Completed reload, in  0.974 seconds
Platform modules already initialized, skipping
Refreshing native plugins compatible for Editor in 0.42 ms, found 1 plugins.
Preloading 0 native plugins for Editor in 0.00 ms.
Unloading 1822 Unused Serialized files (Serialized files now loaded: 0)
System memory in use before: 85.9 MB.
System memory in use after: 85.9 MB.

Unloading 12 unused Assets to reduce memory usage. Loaded Objects now: 2398.
Total: 2.154400 ms (FindLiveObjects: 0.201400 ms CreateObjectMapping: 0.061500 ms MarkObjects: 1.778200 ms  DeleteObjects: 0.112300 ms)

========================================================================
Received Prepare
Registering precompiled user dll's ...
Registered in 0.012751 seconds.
Begin MonoManager ReloadAssembly
Native extension for WindowsStandalone target not found
Native extension for WebGL target not found
Refreshing native plugins compatible for Editor in 0.43 ms, found 1 plugins.
Preloading 0 native plugins for Editor in 0.00 ms.
Mono: successfully reloaded assembly
- Completed reload, in  0.968 seconds
Platform modules already initialized, skipping
Refreshing native plugins compatible for Editor in 0.41 ms, found 1 plugins.
Preloading 0 native plugins for Editor in 0.00 ms.
Unloading 1822 Unused Serialized files (Serialized files now loaded: 0)
System memory in use before: 85.9 MB.
System memory in use after: 85.9 MB.

Unloading 12 unused Assets to reduce memory usage. Loaded Objects now: 2402.
Total: 2.449200 ms (FindLiveObjects: 0.205700 ms CreateObjectMapping: 0.061200 ms MarkObjects: 2.063000 ms  DeleteObjects: 0.118100 ms)

========================================================================
Received Prepare
Registering precompiled user dll's ...
Registered in 0.001519 seconds.
Begin MonoManager ReloadAssembly
Native extension for WindowsStandalone target not found
Native extension for WebGL target not found
Refreshing native plugins compatible for Editor in 0.63 ms, found 1 plugins.
Preloading 0 native plugins for Editor in 0.00 ms.
Mono: successfully reloaded assembly
- Completed reload, in  1.311 seconds
Platform modules already initialized, skipping
Refreshing native plugins compatible for Editor in 0.46 ms, found 1 plugins.
Preloading 0 native plugins for Editor in 0.00 ms.
Unloading 1822 Unused Serialized files (Serialized files now loaded: 0)
System memory in use before: 86.0 MB.
System memory in use after: 85.9 MB.

Unloading 12 unused Assets to reduce memory usage. Loaded Objects now: 2406.
Total: 2.302000 ms (FindLiveObjects: 0.196100 ms CreateObjectMapping: 0.077300 ms MarkObjects: 1.909300 ms  DeleteObjects: 0.117800 ms)

========================================================================
Received Import Request.
  Time since last request: 316.505616 seconds.
  path: Assets/Scenes/SampleScene.unity
  artifactKey: Guid(2cda990e2423bbf4892e6590ba056729) Importer(815301076,1909f56bfc062723c751e8b465ee728b)
Start importing Assets/Scenes/SampleScene.unity using Guid(2cda990e2423bbf4892e6590ba056729) Importer(815301076,1909f56bfc062723c751e8b465ee728b)  -> (artifact id: '1e5bfc4046936b886c7baad2fd862d6e') in 0.022716 seconds
  Import took 0.030050 seconds .

========================================================================
Received Prepare
Registering precompiled user dll's ...
Registered in 0.004124 seconds.
Begin MonoManager ReloadAssembly
Native extension for WindowsStandalone target not found
Native extension for WebGL target not found
Refreshing native plugins compatible for Editor in 7.52 ms, found 1 plugins.
Preloading 0 native plugins for Editor in 0.00 ms.
Mono: successfully reloaded assembly
- Completed reload, in  2.714 seconds
Platform modules already initialized, skipping
Refreshing native plugins compatible for Editor in 10.29 ms, found 1 plugins.
Preloading 0 native plugins for Editor in 0.00 ms.
Unloading 1822 Unused Serialized files (Serialized files now loaded: 0)
System memory in use before: 86.0 MB.
System memory in use after: 85.9 MB.

Unloading 12 unused Assets to reduce memory usage. Loaded Objects now: 2410.
Total: 11.410900 ms (FindLiveObjects: 0.742800 ms CreateObjectMapping: 0.670000 ms MarkObjects: 9.832800 ms  DeleteObjects: 0.162700 ms)

========================================================================
Received Import Request.
  Time since last request: 1109.505588 seconds.
  path: Assets/Music/8-bit 1.wav
  artifactKey: Guid(67d704beaea9c6d43a9c94773609a54c) Importer(815301076,1909f56bfc062723c751e8b465ee728b)
Start importing Assets/Music/8-bit 1.wav using Guid(67d704beaea9c6d43a9c94773609a54c) Importer(815301076,1909f56bfc062723c751e8b465ee728b)  -> (artifact id: '8e0f0ee0b99fea459bc3dc6cd5eb2d0a') in 2.704033 seconds
  Import took 2.750453 seconds .

========================================================================
Received Import Request.
  Time since last request: 0.000349 seconds.
  path: Assets/Music/House 5.wav
  artifactKey: Guid(fc134c8d610b2f843b410d0e2b739ec9) Importer(815301076,1909f56bfc062723c751e8b465ee728b)
Start importing Assets/Music/House 5.wav using Guid(fc134c8d610b2f843b410d0e2b739ec9) Importer(815301076,1909f56bfc062723c751e8b465ee728b)  -> (artifact id: 'fcab1301e18baa89d05475dcdd1cf34c') in 0.082071 seconds
  Import took 0.138783 seconds .

========================================================================
Received Import Request.
  Time since last request: 0.000253 seconds.
  path: Assets/Music/House 4.wav
  artifactKey: Guid(cf7d6fd4564ed7f46ac3e5aab5e6a32f) Importer(815301076,1909f56bfc062723c751e8b465ee728b)
Start importing Assets/Music/House 4.wav using Guid(cf7d6fd4564ed7f46ac3e5aab5e6a32f) Importer(815301076,1909f56bfc062723c751e8b465ee728b)  -> (artifact id: 'fa680964fad237d2181fafe01c1c14a1') in 0.076473 seconds
  Import took 0.135757 seconds .

========================================================================
Received Import Request.
  Time since last request: 0.001008 seconds.
  path: Assets/Music/Techno 1.wav
  artifactKey: Guid(77a6ca8e2aabc894eb8b98564bcecb8b) Importer(815301076,1909f56bfc062723c751e8b465ee728b)
Start importing Assets/Music/Techno 1.wav using Guid(77a6ca8e2aabc894eb8b98564bcecb8b) Importer(815301076,1909f56bfc062723c751e8b465ee728b)  -> (artifact id: '509a1dc43c3d39805e42b2be7164e643') in 0.101886 seconds
  Import took 0.118659 seconds .

========================================================================
Received Import Request.
  Time since last request: 0.000275 seconds.
  path: Assets/Music/8-bit 7.wav
  artifactKey: Guid(218e5fd08cb39bd4b810efe713047c7e) Importer(815301076,1909f56bfc062723c751e8b465ee728b)
Start importing Assets/Music/8-bit 7.wav using Guid(218e5fd08cb39bd4b810efe713047c7e) Importer(815301076,1909f56bfc062723c751e8b465ee728b)  -> (artifact id: 'd832105cb59cab53bd681fb63f8490de') in 0.091429 seconds
  Import took 0.096633 seconds .

========================================================================
Received Import Request.
  Time since last request: 0.000212 seconds.
  path: Assets/Music/House 1.wav
  artifactKey: Guid(82dabc3e80e45ab44a8fc64709b8aec4) Importer(815301076,1909f56bfc062723c751e8b465ee728b)
Start importing Assets/Music/House 1.wav using Guid(82dabc3e80e45ab44a8fc64709b8aec4) Importer(815301076,1909f56bfc062723c751e8b465ee728b)  -> (artifact id: 'f1be72ba3feb00d036edc36b73dd528a') in 0.101907 seconds
  Import took 0.220978 seconds .

========================================================================
Received Import Request.
  Time since last request: 0.003975 seconds.
  path: Assets/Music/Techno 3.wav
  artifactKey: Guid(2f9d4a79a12e021478ccfde25d9b6a3f) Importer(815301076,1909f56bfc062723c751e8b465ee728b)
Start importing Assets/Music/Techno 3.wav using Guid(2f9d4a79a12e021478ccfde25d9b6a3f) Importer(815301076,1909f56bfc062723c751e8b465ee728b)  -> (artifact id: '04c37589444b997ffb20156b55b4a033') in 0.125017 seconds
  Import took 0.134840 seconds .

========================================================================
Received Import Request.
  Time since last request: 0.000477 seconds.
  path: Assets/Music/Techno 7.wav
  artifactKey: Guid(d9b9697b8ac10ab4d90fffd4d11749c8) Importer(815301076,1909f56bfc062723c751e8b465ee728b)
Start importing Assets/Music/Techno 7.wav using Guid(d9b9697b8ac10ab4d90fffd4d11749c8) Importer(815301076,1909f56bfc062723c751e8b465ee728b)  -> (artifact id: 'b76af142524d3eec6f64699dbfca4118') in 0.139656 seconds
  Import took 0.151806 seconds .

========================================================================
Received Import Request.
  Time since last request: 0.000500 seconds.
  path: Assets/Music/8-bit 5.wav
  artifactKey: Guid(70ce0031cf853bb4ebe7703115ec8b3a) Importer(815301076,1909f56bfc062723c751e8b465ee728b)
Start importing Assets/Music/8-bit 5.wav using Guid(70ce0031cf853bb4ebe7703115ec8b3a) Importer(815301076,1909f56bfc062723c751e8b465ee728b)  -> (artifact id: 'e5d79ca6537e1b79af7985e13e31043b') in 0.153720 seconds
  Import took 0.195268 seconds .

========================================================================
Received Import Request.
  Time since last request: 0.000650 seconds.
  path: Assets/Music/House 3.wav
  artifactKey: Guid(c2f9d8eb5ed28ec48bb7e5639777b828) Importer(815301076,1909f56bfc062723c751e8b465ee728b)
Start importing Assets/Music/House 3.wav using Guid(c2f9d8eb5ed28ec48bb7e5639777b828) Importer(815301076,1909f56bfc062723c751e8b465ee728b)  -> (artifact id: 'f44846d109c4de0419e778e19320a550') in 0.060933 seconds
  Import took 0.087684 seconds .

========================================================================
Received Import Request.
  Time since last request: 0.000725 seconds.
  path: Assets/Music/Techno 2.wav
  artifactKey: Guid(4298dc1aa9a110d40923c71bc617ef10) Importer(815301076,1909f56bfc062723c751e8b465ee728b)
Start importing Assets/Music/Techno 2.wav using Guid(4298dc1aa9a110d40923c71bc617ef10) Importer(815301076,1909f56bfc062723c751e8b465ee728b)  -> (artifact id: '851e081812db267dc69ff0bf419d01d5') in 0.329545 seconds
  Import took 0.363630 seconds .

========================================================================
Received Import Request.
  Time since last request: 0.002894 seconds.
  path: Assets/Music/House 6.wav
  artifactKey: Guid(9c97b86d19efbb14ab00d307fc05edf5) Importer(815301076,1909f56bfc062723c751e8b465ee728b)
Start importing Assets/Music/House 6.wav using Guid(9c97b86d19efbb14ab00d307fc05edf5) Importer(815301076,1909f56bfc062723c751e8b465ee728b)  -> (artifact id: 'd70e14d2c2074db868de3eec5b8f1def') in 0.080396 seconds
  Import took 0.152041 seconds .

========================================================================
Received Import Request.
  Time since last request: 0.000307 seconds.
  path: Assets/Music/EDM 5.wav
  artifactKey: Guid(1e44d6836f8bb4b4db8c2eabdfa5656b) Importer(815301076,1909f56bfc062723c751e8b465ee728b)
Start importing Assets/Music/EDM 5.wav using Guid(1e44d6836f8bb4b4db8c2eabdfa5656b) Importer(815301076,1909f56bfc062723c751e8b465ee728b)  -> (artifact id: '4d547bb81d5225f3ac6ebc882b6dbabe') in 0.432489 seconds
  Import took 0.469230 seconds .

========================================================================
Received Import Request.
  Time since last request: 0.000421 seconds.
  path: Assets/Music/House 7.wav
  artifactKey: Guid(515792dc606d89c4891821a3691c64fe) Importer(815301076,1909f56bfc062723c751e8b465ee728b)
Start importing Assets/Music/House 7.wav using Guid(515792dc606d89c4891821a3691c64fe) Importer(815301076,1909f56bfc062723c751e8b465ee728b)  -> (artifact id: '4596b5cee10f91bb280862e71b80733d') in 0.085925 seconds
  Import took 0.140099 seconds .

========================================================================
Received Import Request.
  Time since last request: 0.000512 seconds.
  path: Assets/Music/8-bit 3.wav
  artifactKey: Guid(7fd0861aed994254f91803f55040dedf) Importer(815301076,1909f56bfc062723c751e8b465ee728b)
Start importing Assets/Music/8-bit 3.wav using Guid(7fd0861aed994254f91803f55040dedf) Importer(815301076,1909f56bfc062723c751e8b465ee728b)  -> (artifact id: '54f21e64875c7e178f337c952a84f5a9') in 0.150923 seconds
  Import took 0.170743 seconds .

========================================================================
Received Import Request.
  Time since last request: 0.000233 seconds.
  path: Assets/Music/EDM 2.wav
  artifactKey: Guid(534be79bf889c8942afc73bab1606929) Importer(815301076,1909f56bfc062723c751e8b465ee728b)
Start importing Assets/Music/EDM 2.wav using Guid(534be79bf889c8942afc73bab1606929) Importer(815301076,1909f56bfc062723c751e8b465ee728b)  -> (artifact id: '98bb35a769245425ce51e37103232976') in 0.448358 seconds
  Import took 0.597713 seconds .

========================================================================
Received Import Request.
  Time since last request: 0.000131 seconds.
  path: Assets/Music/Techno 6.wav
  artifactKey: Guid(e2fe5f770dfcf6b488872a38d314f876) Importer(815301076,1909f56bfc062723c751e8b465ee728b)
Start importing Assets/Music/Techno 6.wav using Guid(e2fe5f770dfcf6b488872a38d314f876) Importer(815301076,1909f56bfc062723c751e8b465ee728b)  -> (artifact id: '438521c55988be545538ea6802bdc4fb') in 0.056502 seconds
  Import took 0.063052 seconds .

========================================================================
Received Import Request.
  Time since last request: 0.000231 seconds.
  path: Assets/Music/EDM 4.wav
  artifactKey: Guid(465c85d1a19a87b4b9527d81d9190fb7) Importer(815301076,1909f56bfc062723c751e8b465ee728b)
Start importing Assets/Music/EDM 4.wav using Guid(465c85d1a19a87b4b9527d81d9190fb7) Importer(815301076,1909f56bfc062723c751e8b465ee728b)  -> (artifact id: '80541aab3a8e6c8133bc9be8433c772d') in 0.101852 seconds
  Import took 0.114183 seconds .

========================================================================
Received Import Request.
  Time since last request: 0.000307 seconds.
  path: Assets/Music/EDM 3.wav
  artifactKey: Guid(d8710e6bd2db46e4bb10aebe7405c51a) Importer(815301076,1909f56bfc062723c751e8b465ee728b)
Start importing Assets/Music/EDM 3.wav using Guid(d8710e6bd2db46e4bb10aebe7405c51a) Importer(815301076,1909f56bfc062723c751e8b465ee728b)  -> (artifact id: '283afb51dd47bb89975858c1f8ec6f06') in 0.219743 seconds
  Import took 0.223931 seconds .

========================================================================
Received Import Request.
  Time since last request: 0.000284 seconds.
  path: Assets/Music/House 2.wav
  artifactKey: Guid(da040eadcf9ad5243b05d9e93d72e9a8) Importer(815301076,1909f56bfc062723c751e8b465ee728b)
Start importing Assets/Music/House 2.wav using Guid(da040eadcf9ad5243b05d9e93d72e9a8) Importer(815301076,1909f56bfc062723c751e8b465ee728b)  -> (artifact id: '187b9864140cde8d1bd225e089975800') in 0.039932 seconds
  Import took 0.061657 seconds .

========================================================================
Received Import Request.
  Time since last request: 0.000342 seconds.
  path: Assets/Music/8-bit 6.wav
  artifactKey: Guid(68107fb9762a0b246891f4a3d433d23f) Importer(815301076,1909f56bfc062723c751e8b465ee728b)
Start importing Assets/Music/8-bit 6.wav using Guid(68107fb9762a0b246891f4a3d433d23f) Importer(815301076,1909f56bfc062723c751e8b465ee728b)  -> (artifact id: 'c9a05e5daaa8cdc9a4c0b2938ff1a678') in 0.143291 seconds
  Import took 0.151769 seconds .

========================================================================
Received Import Request.
  Time since last request: 0.000545 seconds.
  path: Assets/Music/Techno 5.wav
  artifactKey: Guid(77b8fbd2558b2ff489f5641d964ced46) Importer(815301076,1909f56bfc062723c751e8b465ee728b)
Start importing Assets/Music/Techno 5.wav using Guid(77b8fbd2558b2ff489f5641d964ced46) Importer(815301076,1909f56bfc062723c751e8b465ee728b)  -> (artifact id: 'f9422eb4b08eaf1cabd8deb89622f04d') in 0.134698 seconds
  Import took 0.158441 seconds .

========================================================================
Received Import Request.
  Time since last request: 0.000240 seconds.
  path: Assets/Music/8-bit 2.wav
  artifactKey: Guid(57431430824c7124cb73d2c11932586d) Importer(815301076,1909f56bfc062723c751e8b465ee728b)
Start importing Assets/Music/8-bit 2.wav using Guid(57431430824c7124cb73d2c11932586d) Importer(815301076,1909f56bfc062723c751e8b465ee728b)  -> (artifact id: 'aa10f4a8ee8f04b29f4a5cc91ab4aaa8') in 0.129384 seconds
  Import took 0.152941 seconds .

========================================================================
Received Import Request.
  Time since last request: 0.000231 seconds.
  path: Assets/Music/EDM 1.wav
  artifactKey: Guid(e496a2f18f6041e42bf2ad15a6545c62) Importer(815301076,1909f56bfc062723c751e8b465ee728b)
Start importing Assets/Music/EDM 1.wav using Guid(e496a2f18f6041e42bf2ad15a6545c62) Importer(815301076,1909f56bfc062723c751e8b465ee728b)  -> (artifact id: '08b44279e5c291fe878883d8514cf7ae') in 0.095559 seconds
  Import took 0.103776 seconds .

========================================================================
Received Import Request.
  Time since last request: 0.000101 seconds.
  path: Assets/Music/8-bit 4.wav
  artifactKey: Guid(75fba14cb1d955347909519a686b0e10) Importer(815301076,1909f56bfc062723c751e8b465ee728b)
Start importing Assets/Music/8-bit 4.wav using Guid(75fba14cb1d955347909519a686b0e10) Importer(815301076,1909f56bfc062723c751e8b465ee728b)  -> (artifact id: '7a711a3c206480e9b16f32312aa1bfe8') in 0.119634 seconds
  Import took 0.138676 seconds .

========================================================================
Received Import Request.
  Time since last request: 0.000560 seconds.
  path: Assets/Music/Techno 4.wav
  artifactKey: Guid(5b4161bbcb049ec4cb68886033c384e4) Importer(815301076,1909f56bfc062723c751e8b465ee728b)
Start importing Assets/Music/Techno 4.wav using Guid(5b4161bbcb049ec4cb68886033c384e4) Importer(815301076,1909f56bfc062723c751e8b465ee728b)  -> (artifact id: 'ef28aeb4a78072a85c0b54149c117494') in 0.082790 seconds
  Import took 0.102971 seconds .

========================================================================
Received Import Request.
  Time since last request: 154.471653 seconds.
  path: Assets/Music/bg.wav
  artifactKey: Guid(515792dc606d89c4891821a3691c64fe) Importer(815301076,1909f56bfc062723c751e8b465ee728b)
Start importing Assets/Music/bg.wav using Guid(515792dc606d89c4891821a3691c64fe) Importer(815301076,1909f56bfc062723c751e8b465ee728b)  -> (artifact id: '8ff6f518265eec9caff0dd5cf93fbc26') in 0.267151 seconds
  Import took 0.580585 seconds .

========================================================================
Received Prepare
Registering precompiled user dll's ...
Registered in 0.001232 seconds.
Begin MonoManager ReloadAssembly
Native extension for WindowsStandalone target not found
Native extension for WebGL target not found
Refreshing native plugins compatible for Editor in 0.92 ms, found 1 plugins.
Preloading 0 native plugins for Editor in 0.00 ms.
Mono: successfully reloaded assembly
- Completed reload, in  2.370 seconds
Platform modules already initialized, skipping
Refreshing native plugins compatible for Editor in 0.44 ms, found 1 plugins.
Preloading 0 native plugins for Editor in 0.00 ms.
Unloading 1822 Unused Serialized files (Serialized files now loaded: 0)
System memory in use before: 89.1 MB.
System memory in use after: 89.1 MB.

Unloading 12 unused Assets to reduce memory usage. Loaded Objects now: 2423.
Total: 3.185200 ms (FindLiveObjects: 0.616700 ms CreateObjectMapping: 0.162600 ms MarkObjects: 2.263500 ms  DeleteObjects: 0.140900 ms)

========================================================================
Received Prepare
Registering precompiled user dll's ...
Registered in 0.001213 seconds.
Begin MonoManager ReloadAssembly
Native extension for WindowsStandalone target not found
Native extension for WebGL target not found
Refreshing native plugins compatible for Editor in 0.52 ms, found 1 plugins.
Preloading 0 native plugins for Editor in 0.00 ms.
Mono: successfully reloaded assembly
- Completed reload, in  1.472 seconds
Platform modules already initialized, skipping
Refreshing native plugins compatible for Editor in 0.42 ms, found 1 plugins.
Preloading 0 native plugins for Editor in 0.00 ms.
Unloading 1822 Unused Serialized files (Serialized files now loaded: 0)
System memory in use before: 89.1 MB.
System memory in use after: 89.1 MB.

Unloading 12 unused Assets to reduce memory usage. Loaded Objects now: 2427.
Total: 3.003400 ms (FindLiveObjects: 0.213800 ms CreateObjectMapping: 0.115800 ms MarkObjects: 2.550700 ms  DeleteObjects: 0.121100 ms)

========================================================================
Received Prepare
Registering precompiled user dll's ...
Registered in 0.001750 seconds.
Begin MonoManager ReloadAssembly
Native extension for WindowsStandalone target not found
Native extension for WebGL target not found
Refreshing native plugins compatible for Editor in 4.44 ms, found 1 plugins.
Preloading 0 native plugins for Editor in 0.00 ms.
Mono: successfully reloaded assembly
- Completed reload, in  1.434 seconds
Platform modules already initialized, skipping
Refreshing native plugins compatible for Editor in 0.42 ms, found 1 plugins.
Preloading 0 native plugins for Editor in 0.00 ms.
Unloading 1822 Unused Serialized files (Serialized files now loaded: 0)
System memory in use before: 89.1 MB.
System memory in use after: 89.1 MB.

Unloading 12 unused Assets to reduce memory usage. Loaded Objects now: 2431.
Total: 3.320000 ms (FindLiveObjects: 0.216500 ms CreateObjectMapping: 0.069600 ms MarkObjects: 2.908100 ms  DeleteObjects: 0.124500 ms)

========================================================================
Received Prepare
Registering precompiled user dll's ...
Registered in 0.001231 seconds.
Begin MonoManager ReloadAssembly
Native extension for WindowsStandalone target not found
Native extension for WebGL target not found
Refreshing native plugins compatible for Editor in 0.46 ms, found 1 plugins.
Preloading 0 native plugins for Editor in 0.00 ms.
Mono: successfully reloaded assembly
- Completed reload, in  1.337 seconds
Platform modules already initialized, skipping
Refreshing native plugins compatible for Editor in 0.45 ms, found 1 plugins.
Preloading 0 native plugins for Editor in 0.00 ms.
Unloading 1822 Unused Serialized files (Serialized files now loaded: 0)
System memory in use before: 89.1 MB.
System memory in use after: 89.1 MB.

Unloading 12 unused Assets to reduce memory usage. Loaded Objects now: 2435.
Total: 2.889300 ms (FindLiveObjects: 0.509200 ms CreateObjectMapping: 0.188200 ms MarkObjects: 2.024400 ms  DeleteObjects: 0.165800 ms)

========================================================================
Received Prepare
Registering precompiled user dll's ...
Registered in 0.001155 seconds.
Begin MonoManager ReloadAssembly
Native extension for WindowsStandalone target not found
Native extension for WebGL target not found
Refreshing native plugins compatible for Editor in 0.43 ms, found 1 plugins.
Preloading 0 native plugins for Editor in 0.00 ms.
Mono: successfully reloaded assembly
- Completed reload, in  1.420 seconds
Platform modules already initialized, skipping
Refreshing native plugins compatible for Editor in 0.49 ms, found 1 plugins.
Preloading 0 native plugins for Editor in 0.00 ms.
Unloading 1822 Unused Serialized files (Serialized files now loaded: 0)
System memory in use before: 89.1 MB.
System memory in use after: 89.1 MB.

Unloading 12 unused Assets to reduce memory usage. Loaded Objects now: 2439.
Total: 3.020500 ms (FindLiveObjects: 0.199500 ms CreateObjectMapping: 0.065500 ms MarkObjects: 2.601700 ms  DeleteObjects: 0.152600 ms)

========================================================================
Received Prepare
Registering precompiled user dll's ...
Registered in 0.001146 seconds.
Begin MonoManager ReloadAssembly
Native extension for WindowsStandalone target not found
Native extension for WebGL target not found
Refreshing native plugins compatible for Editor in 0.45 ms, found 1 plugins.
Preloading 0 native plugins for Editor in 0.00 ms.
Mono: successfully reloaded assembly
- Completed reload, in  1.237 seconds
Platform modules already initialized, skipping
Refreshing native plugins compatible for Editor in 0.44 ms, found 1 plugins.
Preloading 0 native plugins for Editor in 0.00 ms.
Unloading 1822 Unused Serialized files (Serialized files now loaded: 0)
System memory in use before: 89.1 MB.
System memory in use after: 89.1 MB.

Unloading 12 unused Assets to reduce memory usage. Loaded Objects now: 2443.
Total: 2.352000 ms (FindLiveObjects: 0.211700 ms CreateObjectMapping: 0.064700 ms MarkObjects: 1.947600 ms  DeleteObjects: 0.126900 ms)

========================================================================
Received Prepare
Registering precompiled user dll's ...
Registered in 0.001184 seconds.
Begin MonoManager ReloadAssembly
Native extension for WindowsStandalone target not found
Native extension for WebGL target not found
Refreshing native plugins compatible for Editor in 0.81 ms, found 1 plugins.
Preloading 0 native plugins for Editor in 0.00 ms.
Mono: successfully reloaded assembly
- Completed reload, in  1.815 seconds
Platform modules already initialized, skipping
Refreshing native plugins compatible for Editor in 0.48 ms, found 1 plugins.
Preloading 0 native plugins for Editor in 0.00 ms.
Unloading 1822 Unused Serialized files (Serialized files now loaded: 0)
System memory in use before: 89.1 MB.
System memory in use after: 89.1 MB.

Unloading 12 unused Assets to reduce memory usage. Loaded Objects now: 2447.
Total: 2.249700 ms (FindLiveObjects: 0.212600 ms CreateObjectMapping: 0.072900 ms MarkObjects: 1.833000 ms  DeleteObjects: 0.130300 ms)

========================================================================
Received Prepare
Registering precompiled user dll's ...
Registered in 0.001186 seconds.
Begin MonoManager ReloadAssembly
Native extension for WindowsStandalone target not found
Native extension for WebGL target not found
Refreshing native plugins compatible for Editor in 0.75 ms, found 1 plugins.
Preloading 0 native plugins for Editor in 0.00 ms.
Mono: successfully reloaded assembly
- Completed reload, in  1.298 seconds
Platform modules already initialized, skipping
Refreshing native plugins compatible for Editor in 0.52 ms, found 1 plugins.
Preloading 0 native plugins for Editor in 0.00 ms.
Unloading 1822 Unused Serialized files (Serialized files now loaded: 0)
System memory in use before: 89.2 MB.
System memory in use after: 89.1 MB.

Unloading 12 unused Assets to reduce memory usage. Loaded Objects now: 2451.
Total: 2.911600 ms (FindLiveObjects: 0.217800 ms CreateObjectMapping: 0.082800 ms MarkObjects: 2.492700 ms  DeleteObjects: 0.116800 ms)

========================================================================
Received Prepare
Registering precompiled user dll's ...
Registered in 0.001962 seconds.
Begin MonoManager ReloadAssembly
Native extension for WindowsStandalone target not found
Native extension for WebGL target not found
Refreshing native plugins compatible for Editor in 0.46 ms, found 1 plugins.
Preloading 0 native plugins for Editor in 0.00 ms.
Mono: successfully reloaded assembly
- Completed reload, in  1.243 seconds
Platform modules already initialized, skipping
Refreshing native plugins compatible for Editor in 0.43 ms, found 1 plugins.
Preloading 0 native plugins for Editor in 0.00 ms.
Unloading 1822 Unused Serialized files (Serialized files now loaded: 0)
System memory in use before: 89.2 MB.
System memory in use after: 89.1 MB.

Unloading 12 unused Assets to reduce memory usage. Loaded Objects now: 2455.
Total: 2.421400 ms (FindLiveObjects: 0.213000 ms CreateObjectMapping: 0.078200 ms MarkObjects: 2.011000 ms  DeleteObjects: 0.117900 ms)

========================================================================
Received Prepare
Registering precompiled user dll's ...
Registered in 0.001195 seconds.
Begin MonoManager ReloadAssembly
Native extension for WindowsStandalone target not found
Native extension for WebGL target not found
Refreshing native plugins compatible for Editor in 0.53 ms, found 1 plugins.
Preloading 0 native plugins for Editor in 0.00 ms.
Mono: successfully reloaded assembly
- Completed reload, in  1.394 seconds
Platform modules already initialized, skipping
Refreshing native plugins compatible for Editor in 0.67 ms, found 1 plugins.
Preloading 0 native plugins for Editor in 0.00 ms.
Unloading 1822 Unused Serialized files (Serialized files now loaded: 0)
System memory in use before: 89.2 MB.
System memory in use after: 89.2 MB.

Unloading 12 unused Assets to reduce memory usage. Loaded Objects now: 2459.
Total: 2.617100 ms (FindLiveObjects: 0.208700 ms CreateObjectMapping: 0.068800 ms MarkObjects: 2.136100 ms  DeleteObjects: 0.202400 ms)

========================================================================
Received Prepare
Registering precompiled user dll's ...
Registered in 0.001166 seconds.
Begin MonoManager ReloadAssembly
Native extension for WindowsStandalone target not found
Native extension for WebGL target not found
Refreshing native plugins compatible for Editor in 0.42 ms, found 1 plugins.
Preloading 0 native plugins for Editor in 0.00 ms.
Mono: successfully reloaded assembly
- Completed reload, in  1.053 seconds
Platform modules already initialized, skipping
Refreshing native plugins compatible for Editor in 0.66 ms, found 1 plugins.
Preloading 0 native plugins for Editor in 0.00 ms.
Unloading 1822 Unused Serialized files (Serialized files now loaded: 0)
System memory in use before: 89.2 MB.
System memory in use after: 89.2 MB.

Unloading 12 unused Assets to reduce memory usage. Loaded Objects now: 2463.
Total: 2.450400 ms (FindLiveObjects: 0.217800 ms CreateObjectMapping: 0.068900 ms MarkObjects: 2.026300 ms  DeleteObjects: 0.136300 ms)

========================================================================
Received Prepare
Registering precompiled user dll's ...
Registered in 0.001713 seconds.
Begin MonoManager ReloadAssembly
Native extension for WindowsStandalone target not found
Native extension for WebGL target not found
Refreshing native plugins compatible for Editor in 0.52 ms, found 1 plugins.
Preloading 0 native plugins for Editor in 0.00 ms.
Mono: successfully reloaded assembly
- Completed reload, in  1.296 seconds
Platform modules already initialized, skipping
Refreshing native plugins compatible for Editor in 0.66 ms, found 1 plugins.
Preloading 0 native plugins for Editor in 0.00 ms.
Unloading 1822 Unused Serialized files (Serialized files now loaded: 0)
System memory in use before: 89.2 MB.
System memory in use after: 89.2 MB.

Unloading 12 unused Assets to reduce memory usage. Loaded Objects now: 2467.
Total: 2.442800 ms (FindLiveObjects: 0.240000 ms CreateObjectMapping: 0.081800 ms MarkObjects: 2.000200 ms  DeleteObjects: 0.119700 ms)

========================================================================
Received Prepare
Registering precompiled user dll's ...
Registered in 0.001155 seconds.
Begin MonoManager ReloadAssembly
Native extension for WindowsStandalone target not found
Native extension for WebGL target not found
Refreshing native plugins compatible for Editor in 0.52 ms, found 1 plugins.
Preloading 0 native plugins for Editor in 0.00 ms.
Mono: successfully reloaded assembly
- Completed reload, in  1.367 seconds
Platform modules already initialized, skipping
Refreshing native plugins compatible for Editor in 0.42 ms, found 1 plugins.
Preloading 0 native plugins for Editor in 0.00 ms.
Unloading 1822 Unused Serialized files (Serialized files now loaded: 0)
System memory in use before: 89.2 MB.
System memory in use after: 89.2 MB.

Unloading 12 unused Assets to reduce memory usage. Loaded Objects now: 2471.
Total: 2.447500 ms (FindLiveObjects: 0.205600 ms CreateObjectMapping: 0.078700 ms MarkObjects: 2.051100 ms  DeleteObjects: 0.111200 ms)

========================================================================
Received Import Request.
  Time since last request: 1205.482976 seconds.
  path: Assets/Scenes/LooseScene.unity
  artifactKey: Guid(1906b5ec0b451d745a4b6486a89c443a) Importer(815301076,1909f56bfc062723c751e8b465ee728b)
Start importing Assets/Scenes/LooseScene.unity using Guid(1906b5ec0b451d745a4b6486a89c443a) Importer(815301076,1909f56bfc062723c751e8b465ee728b)  -> (artifact id: 'f55425df6f25f346019e03d732a673f4') in 0.017955 seconds
  Import took 0.033776 seconds .

========================================================================
Received Import Request.
  Time since last request: 1.316113 seconds.
  path: Assets/Scenes/EndScreen.unity
  artifactKey: Guid(f3042e92b11b0d044a8d8ba06176039b) Importer(815301076,1909f56bfc062723c751e8b465ee728b)
Start importing Assets/Scenes/EndScreen.unity using Guid(f3042e92b11b0d044a8d8ba06176039b) Importer(815301076,1909f56bfc062723c751e8b465ee728b)  -> (artifact id: '0215498d892f9bcd2186e7343ec6d0f7') in 0.008450 seconds
  Import took 0.110807 seconds .

========================================================================
Received Import Request.
  Time since last request: 2.753162 seconds.
  path: Assets/Scenes/MainScreen.unity
  artifactKey: Guid(733c00fda1524f3459ffcb18f8b2a870) Importer(815301076,1909f56bfc062723c751e8b465ee728b)
Start importing Assets/Scenes/MainScreen.unity using Guid(733c00fda1524f3459ffcb18f8b2a870) Importer(815301076,1909f56bfc062723c751e8b465ee728b)  -> (artifact id: 'f618a0f33bcbad4c97dc9c17bcb408d6') in 0.007045 seconds
  Import took 0.012349 seconds .

========================================================================
Received Prepare
Registering precompiled user dll's ...
Registered in 0.001245 seconds.
Begin MonoManager ReloadAssembly
Native extension for WindowsStandalone target not found
Native extension for WebGL target not found
Refreshing native plugins compatible for Editor in 0.42 ms, found 1 plugins.
Preloading 0 native plugins for Editor in 0.00 ms.
Mono: successfully reloaded assembly
- Completed reload, in  1.106 seconds
Platform modules already initialized, skipping
Refreshing native plugins compatible for Editor in 0.43 ms, found 1 plugins.
Preloading 0 native plugins for Editor in 0.00 ms.
Unloading 1822 Unused Serialized files (Serialized files now loaded: 0)
System memory in use before: 89.2 MB.
System memory in use after: 89.2 MB.

Unloading 12 unused Assets to reduce memory usage. Loaded Objects now: 2475.
Total: 2.259300 ms (FindLiveObjects: 0.214100 ms CreateObjectMapping: 0.058500 ms MarkObjects: 1.872100 ms  DeleteObjects: 0.113300 ms)

========================================================================
Received Prepare
Refreshing native plugins compatible for Editor in 3.57 ms, found 1 plugins.
Preloading 0 native plugins for Editor in 0.00 ms.
Unloading 10 Unused Serialized files (Serialized files now loaded: 0)
System memory in use before: 53.4 MB.
System memory in use after: 53.4 MB.

Unloading 10 unused Assets to reduce memory usage. Loaded Objects now: 2475.
Total: 4.459900 ms (FindLiveObjects: 0.403300 ms CreateObjectMapping: 0.146900 ms MarkObjects: 3.771000 ms  DeleteObjects: 0.136500 ms)

========================================================================
Received Import Request.
  Time since last request: 912.186286 seconds.
  path: Assets/Scenes/MainScreen.unity
  artifactKey: Guid(733c00fda1524f3459ffcb18f8b2a870) Importer(815301076,1909f56bfc062723c751e8b465ee728b)
Start importing Assets/Scenes/MainScreen.unity using Guid(733c00fda1524f3459ffcb18f8b2a870) Importer(815301076,1909f56bfc062723c751e8b465ee728b)  -> (artifact id: 'ada56f5e214b14a88c27900e5f7492fa') in 0.021138 seconds
  Import took 0.151402 seconds .

========================================================================
Received Import Request.
  Time since last request: 6.084292 seconds.
  path: Assets/Scenes/SampleScene.unity
  artifactKey: Guid(2cda990e2423bbf4892e6590ba056729) Importer(815301076,1909f56bfc062723c751e8b465ee728b)
Start importing Assets/Scenes/SampleScene.unity using Guid(2cda990e2423bbf4892e6590ba056729) Importer(815301076,1909f56bfc062723c751e8b465ee728b)  -> (artifact id: '7cb63df5544e2c26054cf43dfa3ed312') in 0.031250 seconds
  Import took 0.035058 seconds .

========================================================================
Received Import Request.
  Time since last request: 314.769440 seconds.
  path: Assets/Scenes/LooseScene.unity
  artifactKey: Guid(1906b5ec0b451d745a4b6486a89c443a) Importer(815301076,1909f56bfc062723c751e8b465ee728b)
Start importing Assets/Scenes/LooseScene.unity using Guid(1906b5ec0b451d745a4b6486a89c443a) Importer(815301076,1909f56bfc062723c751e8b465ee728b)  -> (artifact id: 'cab43e392b1bb724bd5a7c65c4992e73') in 0.005963 seconds
  Import took 0.206791 seconds .

